# JRE version: OpenJDK Runtime Environment (11.0.12+7) (build 11.0.12+7-b1504.28-7817840)
# Java VM: OpenJDK 64-Bit Server VM (11.0.12+7-b1504.28-7817840, mixed mode, tiered, compressed oops, g1 gc, windows-amd64)
Heap:
 garbage-first heap   total 760832K, used 308976K [0x0000000080000000, 0x0000000100000000)
  region size 1024K, 6 young (6144K), 6 survivors (6144K)
 Metaspace       used 127430K, capacity 131025K, committed 131200K, reserved 1163264K
  class space    used 16405K, capacity 17717K, committed 17792K, reserved 1048576K
GC Heap History (20 events):
Event: 349.296 GC heap after
{Heap after GC invocations=89 (full 0):
 garbage-first heap   total 355328K, used 268211K [0x0000000080000000, 0x0000000100000000)
  region size 1024K, 4 young (4096K), 4 survivors (4096K)
 Metaspace       used 123135K, capacity 126458K, committed 126720K, reserved 1159168K
  class space    used 15865K, capacity 17028K, committed 17152K, reserved 1048576K
}
Event: 349.796 GC heap before
{Heap before GC invocations=90 (full 0):
 garbage-first heap   total 355328K, used 289715K [0x0000000080000000, 0x0000000100000000)
  region size 1024K, 25 young (25600K), 4 survivors (4096K)
 Metaspace       used 123136K, capacity 126458K, committed 126720K, reserved 1159168K
  class space    used 15865K, capacity 17028K, committed 17152K, reserved 1048576K
}
Event: 349.848 GC heap after
{Heap after GC invocations=91 (full 0):
 garbage-first heap   total 355328K, used 280576K [0x0000000080000000, 0x0000000100000000)
  region size 1024K, 4 young (4096K), 4 survivors (4096K)
 Metaspace       used 123136K, capacity 126458K, committed 126720K, reserved 1159168K
  class space    used 15865K, capacity 17028K, committed 17152K, reserved 1048576K
}
Event: 350.705 GC heap before
{Heap before GC invocations=91 (full 0):
 garbage-first heap   total 355328K, used 292864K [0x0000000080000000, 0x0000000100000000)
  region size 1024K, 17 young (17408K), 4 survivors (4096K)
 Metaspace       used 124202K, capacity 127459K, committed 127616K, reserved 1159168K
  class space    used 16023K, capacity 17189K, committed 17280K, reserved 1048576K
}
Event: 350.723 GC heap after
{Heap after GC invocations=92 (full 0):
 garbage-first heap   total 355328K, used 284275K [0x0000000080000000, 0x0000000100000000)
  region size 1024K, 3 young (3072K), 3 survivors (3072K)
 Metaspace       used 124202K, capacity 127459K, committed 127616K, reserved 1159168K
  class space    used 16023K, capacity 17189K, committed 17280K, reserved 1048576K
}
Event: 351.245 GC heap before
{Heap before GC invocations=92 (full 0):
 garbage-first heap   total 355328K, used 299635K [0x0000000080000000, 0x0000000100000000)
  region size 1024K, 18 young (18432K), 3 survivors (3072K)
 Metaspace       used 125150K, capacity 128455K, committed 128768K, reserved 1161216K
  class space    used 16138K, capacity 17304K, committed 17408K, reserved 1048576K
}
Event: 351.263 GC heap after
{Heap after GC invocations=93 (full 0):
 garbage-first heap   total 355328K, used 287744K [0x0000000080000000, 0x0000000100000000)
  region size 1024K, 3 young (3072K), 3 survivors (3072K)
 Metaspace       used 125150K, capacity 128455K, committed 128768K, reserved 1161216K
  class space    used 16138K, capacity 17304K, committed 17408K, reserved 1048576K
}
Event: 351.618 GC heap before
{Heap before GC invocations=93 (full 0):
 garbage-first heap   total 355328K, used 303104K [0x0000000080000000, 0x0000000100000000)
  region size 1024K, 18 young (18432K), 3 survivors (3072K)
 Metaspace       used 125396K, capacity 128767K, committed 129024K, reserved 1161216K
  class space    used 16166K, capacity 17363K, committed 17408K, reserved 1048576K
}
Event: 351.641 GC heap after
{Heap after GC invocations=94 (full 0):
 garbage-first heap   total 355328K, used 290677K [0x0000000080000000, 0x0000000100000000)
  region size 1024K, 3 young (3072K), 3 survivors (3072K)
 Metaspace       used 125396K, capacity 128767K, committed 129024K, reserved 1161216K
  class space    used 16166K, capacity 17363K, committed 17408K, reserved 1048576K
}
Event: 353.595 GC heap before
{Heap before GC invocations=95 (full 0):
 garbage-first heap   total 355328K, used 292725K [0x0000000080000000, 0x0000000100000000)
  region size 1024K, 17 young (17408K), 3 survivors (3072K)
 Metaspace       used 125853K, capacity 129327K, committed 129408K, reserved 1161216K
  class space    used 16239K, capacity 17458K, committed 17536K, reserved 1048576K
}
Event: 353.739 GC heap after
{Heap after GC invocations=96 (full 0):
 garbage-first heap   total 425984K, used 279467K [0x0000000080000000, 0x0000000100000000)
  region size 1024K, 2 young (2048K), 2 survivors (2048K)
 Metaspace       used 125853K, capacity 129327K, committed 129408K, reserved 1161216K
  class space    used 16239K, capacity 17458K, committed 17536K, reserved 1048576K
}
Event: 354.525 GC heap before
{Heap before GC invocations=96 (full 0):
 garbage-first heap   total 425984K, used 296875K [0x0000000080000000, 0x0000000100000000)
  region size 1024K, 20 young (20480K), 2 survivors (2048K)
 Metaspace       used 126066K, capacity 129641K, committed 129664K, reserved 1161216K
  class space    used 16270K, capacity 17517K, committed 17536K, reserved 1048576K
}
Event: 354.619 GC heap after
{Heap after GC invocations=97 (full 0):
 garbage-first heap   total 425984K, used 270020K [0x0000000080000000, 0x0000000100000000)
  region size 1024K, 3 young (3072K), 3 survivors (3072K)
 Metaspace       used 126066K, capacity 129641K, committed 129664K, reserved 1161216K
  class space    used 16270K, capacity 17517K, committed 17536K, reserved 1048576K
}
Event: 356.783 GC heap before
{Heap before GC invocations=97 (full 0):
 garbage-first heap   total 425984K, used 313028K [0x0000000080000000, 0x0000000100000000)
  region size 1024K, 46 young (47104K), 3 survivors (3072K)
 Metaspace       used 126450K, capacity 129995K, committed 130304K, reserved 1161216K
  class space    used 16306K, capacity 17542K, committed 17664K, reserved 1048576K
}
Event: 356.940 GC heap after
{Heap after GC invocations=98 (full 0):
 garbage-first heap   total 425984K, used 274076K [0x0000000080000000, 0x0000000100000000)
  region size 1024K, 6 young (6144K), 6 survivors (6144K)
 Metaspace       used 126450K, capacity 129995K, committed 130304K, reserved 1161216K
  class space    used 16306K, capacity 17542K, committed 17664K, reserved 1048576K
}
Event: 358.284 GC heap before
{Heap before GC invocations=98 (full 0):
 garbage-first heap   total 425984K, used 328348K [0x0000000080000000, 0x0000000100000000)
  region size 1024K, 52 young (53248K), 6 survivors (6144K)
 Metaspace       used 126547K, capacity 130098K, committed 130304K, reserved 1161216K
  class space    used 16314K, capacity 17576K, committed 17664K, reserved 1048576K
}
Event: 358.311 GC heap after
{Heap after GC invocations=99 (full 0):
 garbage-first heap   total 425984K, used 285226K [0x0000000080000000, 0x0000000100000000)
  region size 1024K, 6 young (6144K), 6 survivors (6144K)
 Metaspace       used 126547K, capacity 130098K, committed 130304K, reserved 1161216K
  class space    used 16314K, capacity 17576K, committed 17664K, reserved 1048576K
}
Event: 359.839 GC heap before
{Heap before GC invocations=99 (full 0):
 garbage-first heap   total 425984K, used 340522K [0x0000000080000000, 0x0000000100000000)
  region size 1024K, 52 young (53248K), 6 survivors (6144K)
 Metaspace       used 127252K, capacity 130871K, committed 131200K, reserved 1163264K
  class space    used 16392K, capacity 17690K, committed 17792K, reserved 1048576K
}
Event: 359.881 GC heap after
{Heap after GC invocations=100 (full 0):
 garbage-first heap   total 425984K, used 292790K [0x0000000080000000, 0x0000000100000000)
  region size 1024K, 4 young (4096K), 4 survivors (4096K)
 Metaspace       used 127252K, capacity 130871K, committed 131200K, reserved 1163264K
  class space    used 16392K, capacity 17690K, committed 17792K, reserved 1048576K
}
Event: 365.809 GC heap before
{Heap before GC invocations=101 (full 0):
 garbage-first heap   total 425984K, used 358326K [0x0000000080000000, 0x0000000100000000)
  region size 1024K, 50 young (51200K), 4 survivors (4096K)
 Metaspace       used 127430K, capacity 131025K, committed 131200K, reserved 1163264K
  class space    used 16405K, capacity 17717K, committed 17792K, reserved 1048576K
}

